  Source.cpp
C:\Users\user0\Desktop\informatyka_2022_projekt\Gra\Gra\Header.h(82,8): warning C4305: 'initializing': truncation from 'double' to 'float'
C:\Users\user0\Desktop\informatyka_2022_projekt\Gra\Gra\Header.h(106,51): warning C4244: 'argument': conversion from 'double' to 'T', possible loss of data
          with
          [
              T=float
          ]
C:\Users\user0\Desktop\informatyka_2022_projekt\Gra\Gra\Header.h(132,15): warning C4244: 'initializing': conversion from 'double' to 'float', possible loss of data
C:\Users\user0\Desktop\informatyka_2022_projekt\Gra\Gra\Header.h(138,18): warning C4244: 'initializing': conversion from 'double' to 'float', possible loss of data
C:\Users\user0\Desktop\informatyka_2022_projekt\Gra\Gra\Header.h(202,1): warning C4305: '=': truncation from 'double' to 'float'
C:\Users\user0\Desktop\informatyka_2022_projekt\Gra\Gra\Header.h(207,1): warning C4305: '=': truncation from 'double' to 'float'
C:\Users\user0\Desktop\informatyka_2022_projekt\Gra\Gra\Header.h(228,55): warning C4244: 'argument': conversion from 'double' to 'float', possible loss of data
C:\Users\user0\Desktop\informatyka_2022_projekt\Gra\Gra\Header.h(233,55): warning C4244: 'argument': conversion from 'double' to 'float', possible loss of data
C:\Users\user0\Desktop\informatyka_2022_projekt\Gra\Gra\Header.h(264,57): warning C4244: 'argument': conversion from 'T' to 'T', possible loss of data
          with
          [
              T=float
          ]
          and
          [
              T=int
          ]
C:\Users\user0\Desktop\informatyka_2022_projekt\Gra\Gra\Header.h(264,47): warning C4244: 'argument': conversion from 'T' to 'T', possible loss of data
          with
          [
              T=float
          ]
          and
          [
              T=int
          ]
C:\Users\user0\Desktop\informatyka_2022_projekt\Gra\Gra\Source.cpp(47,85): warning C4305: 'argument': truncation from 'double' to 'float'
  Gra.vcxproj -> C:\Users\user0\Desktop\informatyka_2022_projekt\Gra\x64\Debug\Gra.exe
